11:03:04.248 [main] INFO  testCases.TC002_LoginTest - **** Starting TC002_LoginTest ******
11:03:04.906 [main] INFO  testCases.TC002_LoginTest - Clicked on MyAccont
11:03:06.075 [main] INFO  testCases.TC002_LoginTest - Clicked on Login
11:03:06.084 [main] INFO  testCases.TC002_LoginTest - Providing existing User Details...
11:03:08.705 [main] INFO  testCases.TC002_LoginTest - **** Finished TC002_LoginTest ******
13:08:45.511 [main] INFO  org.testng.internal.Utils - [TestNG] Running:
  C:\Users\yuva tpt\Workspace\Seleniumwebdriver\OpenCartV121\master.xml

13:09:50.357 [main] INFO  org.testng.internal.Utils - [TestNG] Running:
  C:\Users\yuva tpt\Workspace\Seleniumwebdriver\OpenCartV121\master.xml

13:10:17.368 [main] INFO  org.testng.internal.Utils - [TestNG] Running:
  C:\Users\yuva tpt\Workspace\Seleniumwebdriver\OpenCartV121\master.xml

13:11:11.996 [main] INFO  org.testng.internal.Utils - [TestNG] Running:
  C:\Users\yuva tpt\Workspace\Seleniumwebdriver\OpenCartV121\master.xml

13:19:45.128 [main] INFO  org.testng.internal.Utils - [TestNG] Running:
  C:\Users\yuva tpt\Workspace\Seleniumwebdriver\OpenCartV121\grid-docker.xml

13:21:24.756 [main] INFO  org.testng.internal.Utils - [TestNG] Running:
  C:\Users\yuva tpt\Workspace\Seleniumwebdriver\OpenCartV121\grid-docker.xml

13:26:12.353 [main] INFO  org.testng.internal.Utils - [TestNG] Running:
  C:\Users\yuva tpt\Workspace\Seleniumwebdriver\OpenCartV121\grid-docker.xml

13:33:39.797 [main] INFO  org.testng.internal.Utils - [TestNG] Running:
  C:\Users\yuva tpt\Workspace\Seleniumwebdriver\OpenCartV121\grid-docker.xml

13:33:45.504 [main] INFO  testCases.TC001_AccountRegestrationTest - *****  Starting TC001_AccountRegestrationTest   ******
13:33:45.726 [main] INFO  testCases.TC001_AccountRegestrationTest - Clicked on MyAccount Link
13:33:46.341 [main] INFO  testCases.TC001_AccountRegestrationTest - Clicked on Register Link
13:33:46.346 [main] INFO  testCases.TC001_AccountRegestrationTest - Providing customer details
13:33:48.249 [main] INFO  testCases.TC001_AccountRegestrationTest - Validating expected message
13:33:48.324 [main] INFO  testCases.TC001_AccountRegestrationTest - *****  Finished TC001_AccountRegestrationTest   ******
13:33:50.850 [main] INFO  testCases.TC002_LoginTest - **** Starting TC002_LoginTest ******
13:33:51.028 [main] INFO  testCases.TC002_LoginTest - Clicked on MyAccont
13:33:51.474 [main] INFO  testCases.TC002_LoginTest - Clicked on Login
13:33:51.477 [main] INFO  testCases.TC002_LoginTest - Providing existing User Details...
13:33:52.793 [main] INFO  testCases.TC002_LoginTest - **** Finished TC002_LoginTest ******
13:34:37.712 [main] INFO  org.testng.internal.Utils - [TestNG] Running:
  C:\Users\yuva tpt\Workspace\Seleniumwebdriver\OpenCartV121\grid-docker.xml

13:34:40.595 [main] INFO  testCases.TC001_AccountRegestrationTest - *****  Starting TC001_AccountRegestrationTest   ******
13:34:40.836 [main] INFO  testCases.TC001_AccountRegestrationTest - Clicked on MyAccount Link
13:34:41.432 [main] INFO  testCases.TC001_AccountRegestrationTest - Clicked on Register Link
13:34:41.435 [main] INFO  testCases.TC001_AccountRegestrationTest - Providing customer details
13:34:43.452 [main] INFO  testCases.TC001_AccountRegestrationTest - Validating expected message
13:34:43.522 [main] INFO  testCases.TC001_AccountRegestrationTest - *****  Finished TC001_AccountRegestrationTest   ******
13:34:45.656 [main] INFO  testCases.TC002_LoginTest - **** Starting TC002_LoginTest ******
13:34:45.896 [main] INFO  testCases.TC002_LoginTest - Clicked on MyAccont
13:34:46.310 [main] INFO  testCases.TC002_LoginTest - Clicked on Login
13:34:46.315 [main] INFO  testCases.TC002_LoginTest - Providing existing User Details...
13:34:47.527 [main] INFO  testCases.TC002_LoginTest - **** Finished TC002_LoginTest ******
13:36:11.719 [main] INFO  org.testng.internal.Utils - [TestNG] Running:
  C:\Users\yuva tpt\Workspace\Seleniumwebdriver\OpenCartV121\grid-docker.xml

13:36:32.702 [main] INFO  org.testng.internal.Utils - [TestNG] Running:
  C:\Users\yuva tpt\Workspace\Seleniumwebdriver\OpenCartV121\grid-docker.xml

13:36:50.912 [main] INFO  org.testng.internal.Utils - [TestNG] Running:
  C:\Users\yuva tpt\Workspace\Seleniumwebdriver\OpenCartV121\grid-docker.xml

13:37:08.925 [main] INFO  org.testng.internal.Utils - [TestNG] Running:
  C:\Users\yuva tpt\Workspace\Seleniumwebdriver\OpenCartV121\grid-docker.xml

13:37:56.415 [main] INFO  org.testng.internal.Utils - [TestNG] Running:
  C:\Users\yuva tpt\Workspace\Seleniumwebdriver\OpenCartV121\grid-docker.xml

13:42:26.241 [main] INFO  org.testng.internal.Utils - [TestNG] Running:
  C:\Users\yuva tpt\Workspace\Seleniumwebdriver\OpenCartV121\master.xml

13:42:30.151 [main] INFO  testCases.TC001_AccountRegestrationTest - *****  Starting TC001_AccountRegestrationTest   ******
13:42:30.492 [main] INFO  testCases.TC001_AccountRegestrationTest - Clicked on MyAccount Link
13:42:30.969 [main] INFO  testCases.TC001_AccountRegestrationTest - Clicked on Register Link
