15:19:19.791 [main] INFO  testCases.TC002_LoginTest - **** Starting TC002_LoginTest ******
15:19:20.309 [main] INFO  testCases.TC002_LoginTest - Clicked on MyAccont
15:19:21.298 [main] INFO  testCases.TC002_LoginTest - Clicked on Login
15:19:21.307 [main] INFO  testCases.TC002_LoginTest - Providing existing User Details...
15:19:23.876 [main] INFO  testCases.TC002_LoginTest - **** Finished TC002_LoginTest ******
15:19:36.389 [main] INFO  testCases.TC001_AccountRegestrationTest - *****  Starting TC001_AccountRegestrationTest   ******
15:19:36.811 [main] INFO  testCases.TC001_AccountRegestrationTest - Clicked on MyAccount Link
15:19:38.264 [main] INFO  testCases.TC001_AccountRegestrationTest - Clicked on Register Link
15:19:38.264 [main] INFO  testCases.TC001_AccountRegestrationTest - Providing customer details
15:19:40.858 [main] INFO  testCases.TC001_AccountRegestrationTest - Validating expected message
15:19:40.951 [main] INFO  testCases.TC001_AccountRegestrationTest - *****  Finished TC001_AccountRegestrationTest   ******
15:19:50.359 [main] INFO  testCases.TC002_LoginTest - **** Starting TC002_LoginTest ******
15:19:50.620 [main] INFO  testCases.TC002_LoginTest - Clicked on MyAccont
15:19:51.236 [main] INFO  testCases.TC002_LoginTest - Clicked on Login
15:19:51.236 [main] INFO  testCases.TC002_LoginTest - Providing existing User Details...
15:19:53.025 [main] INFO  testCases.TC002_LoginTest - **** Finished TC002_LoginTest ******
15:47:47.212 [main] INFO  org.testng.internal.Utils - [TestNG] Running:
  C:\Users\yuva tpt\Workspace\Seleniumwebdriver\OpenCartV121\grid-docker.xml

15:47:56.644 [main] INFO  testCases.TC001_AccountRegestrationTest - *****  Starting TC001_AccountRegestrationTest   ******
15:47:57.002 [main] INFO  testCases.TC001_AccountRegestrationTest - Clicked on MyAccount Link
15:47:58.046 [main] INFO  testCases.TC001_AccountRegestrationTest - Clicked on Register Link
15:47:58.052 [main] INFO  testCases.TC001_AccountRegestrationTest - Providing customer details
15:48:02.630 [main] INFO  testCases.TC001_AccountRegestrationTest - Validating expected message
15:48:02.839 [main] INFO  testCases.TC001_AccountRegestrationTest - *****  Finished TC001_AccountRegestrationTest   ******
15:48:05.896 [main] INFO  testCases.TC002_LoginTest - **** Starting TC002_LoginTest ******
15:48:06.171 [main] INFO  testCases.TC002_LoginTest - Clicked on MyAccont
15:48:07.043 [main] INFO  testCases.TC002_LoginTest - Clicked on Login
15:48:07.047 [main] INFO  testCases.TC002_LoginTest - Providing existing User Details...
15:48:09.545 [main] INFO  testCases.TC002_LoginTest - **** Finished TC002_LoginTest ******
15:48:22.936 [main] INFO  testCases.TC001_AccountRegestrationTest - *****  Starting TC001_AccountRegestrationTest   ******
15:48:23.539 [main] INFO  testCases.TC001_AccountRegestrationTest - Clicked on MyAccount Link
15:48:24.523 [main] INFO  testCases.TC001_AccountRegestrationTest - Clicked on Register Link
15:48:24.525 [main] INFO  testCases.TC001_AccountRegestrationTest - Providing customer details
15:48:26.290 [main] INFO  testCases.TC001_AccountRegestrationTest - Validating expected message
15:48:26.395 [main] INFO  testCases.TC001_AccountRegestrationTest - *****  Finished TC001_AccountRegestrationTest   ******
15:48:35.491 [main] INFO  testCases.TC002_LoginTest - **** Starting TC002_LoginTest ******
15:48:35.717 [main] INFO  testCases.TC002_LoginTest - Clicked on MyAccont
15:48:36.366 [main] INFO  testCases.TC002_LoginTest - Clicked on Login
15:48:36.367 [main] INFO  testCases.TC002_LoginTest - Providing existing User Details...
15:48:38.005 [main] INFO  testCases.TC002_LoginTest - **** Finished TC002_LoginTest ******
16:12:12.204 [main] INFO  org.testng.internal.Utils - [TestNG] Running:
  C:\Users\yuva tpt\Workspace\Seleniumwebdriver\OpenCartV121\grid-docker.xml

16:12:25.741 [main] INFO  testCases.TC001_AccountRegestrationTest - *****  Starting TC001_AccountRegestrationTest   ******
16:12:26.163 [main] INFO  testCases.TC001_AccountRegestrationTest - Clicked on MyAccount Link
16:12:27.350 [main] INFO  testCases.TC001_AccountRegestrationTest - Clicked on Register Link
16:12:27.358 [main] INFO  testCases.TC001_AccountRegestrationTest - Providing customer details
16:12:32.020 [main] INFO  testCases.TC001_AccountRegestrationTest - Validating expected message
16:12:32.145 [main] INFO  testCases.TC001_AccountRegestrationTest - *****  Finished TC001_AccountRegestrationTest   ******
16:12:35.391 [main] INFO  testCases.TC002_LoginTest - **** Starting TC002_LoginTest ******
16:12:35.797 [main] INFO  testCases.TC002_LoginTest - Clicked on MyAccont
16:12:36.917 [main] INFO  testCases.TC002_LoginTest - Clicked on Login
16:12:36.925 [main] INFO  testCases.TC002_LoginTest - Providing existing User Details...
16:12:39.777 [main] INFO  testCases.TC002_LoginTest - **** Finished TC002_LoginTest ******
16:12:56.569 [main] INFO  testCases.TC001_AccountRegestrationTest - *****  Starting TC001_AccountRegestrationTest   ******
