10:30:00.525 [main] INFO  testCases.TC001_AccountRegestrationTest - *****  Finished TC001_AccountRegestrationTest   ******
10:30:04.417 [main] INFO  testCases.TC002_LoginTest - **** Starting TC002_LoginTest ******
10:30:05.205 [main] INFO  testCases.TC002_LoginTest - Clicked on MyAccont
10:30:06.731 [main] INFO  testCases.TC002_LoginTest - Clicked on Login
10:30:06.737 [main] INFO  testCases.TC002_LoginTest - Providing existing User Details...
10:30:15.128 [main] INFO  testCases.TC002_LoginTest - **** Finished TC002_LoginTest ******
10:30:51.376 [main] INFO  testCases.TC001_AccountRegestrationTest - *****  Starting TC001_AccountRegestrationTest   ******
10:30:51.676 [main] INFO  testCases.TC001_AccountRegestrationTest - Clicked on MyAccount Link
10:30:52.687 [main] INFO  testCases.TC001_AccountRegestrationTest - Clicked on Register Link
10:30:52.705 [main] INFO  testCases.TC001_AccountRegestrationTest - Providing customer details
10:30:56.891 [main] INFO  testCases.TC001_AccountRegestrationTest - Validating expected message
10:30:57.050 [main] INFO  testCases.TC001_AccountRegestrationTest - *****  Finished TC001_AccountRegestrationTest   ******
10:31:01.979 [main] INFO  testCases.TC002_LoginTest - **** Starting TC002_LoginTest ******
10:31:02.382 [main] INFO  testCases.TC002_LoginTest - Clicked on MyAccont
10:31:03.151 [main] INFO  testCases.TC002_LoginTest - Clicked on Login
10:31:03.162 [main] INFO  testCases.TC002_LoginTest - Providing existing User Details...
10:31:05.477 [main] INFO  testCases.TC002_LoginTest - **** Finished TC002_LoginTest ******
10:32:02.599 [main] INFO  testCases.TC001_AccountRegestrationTest - *****  Starting TC001_AccountRegestrationTest   ******
10:32:03.641 [main] INFO  testCases.TC001_AccountRegestrationTest - Clicked on MyAccount Link
10:32:04.684 [main] INFO  testCases.TC001_AccountRegestrationTest - Clicked on Register Link
10:32:04.693 [main] INFO  testCases.TC001_AccountRegestrationTest - Providing customer details
10:32:07.452 [main] INFO  testCases.TC001_AccountRegestrationTest - Validating expected message
10:32:07.546 [main] INFO  testCases.TC001_AccountRegestrationTest - *****  Finished TC001_AccountRegestrationTest   ******
10:32:11.305 [main] INFO  testCases.TC002_LoginTest - **** Starting TC002_LoginTest ******
10:32:11.713 [main] INFO  testCases.TC002_LoginTest - Clicked on MyAccont
10:32:12.481 [main] INFO  testCases.TC002_LoginTest - Clicked on Login
10:32:12.486 [main] INFO  testCases.TC002_LoginTest - Providing existing User Details...
10:32:14.699 [main] INFO  testCases.TC002_LoginTest - **** Finished TC002_LoginTest ******
10:33:07.233 [main] INFO  testCases.TC001_AccountRegestrationTest - *****  Starting TC001_AccountRegestrationTest   ******
10:33:07.973 [main] INFO  testCases.TC001_AccountRegestrationTest - Clicked on MyAccount Link
10:33:08.855 [main] INFO  testCases.TC001_AccountRegestrationTest - Clicked on Register Link
10:33:08.864 [main] INFO  testCases.TC001_AccountRegestrationTest - Providing customer details
10:33:13.160 [main] INFO  testCases.TC001_AccountRegestrationTest - Validating expected message
10:33:13.298 [main] INFO  testCases.TC001_AccountRegestrationTest - *****  Finished TC001_AccountRegestrationTest   ******
10:33:16.916 [main] INFO  testCases.TC002_LoginTest - **** Starting TC002_LoginTest ******
10:33:17.523 [main] INFO  testCases.TC002_LoginTest - Clicked on MyAccont
10:33:18.104 [main] INFO  testCases.TC002_LoginTest - Clicked on Login
10:33:18.112 [main] INFO  testCases.TC002_LoginTest - Providing existing User Details...
10:33:20.776 [main] INFO  testCases.TC002_LoginTest - **** Finished TC002_LoginTest ******
10:33:35.142 [main] INFO  testCases.TC001_AccountRegestrationTest - *****  Starting TC001_AccountRegestrationTest   ******
10:33:35.313 [main] INFO  testCases.TC001_AccountRegestrationTest - Clicked on MyAccount Link
10:33:35.866 [main] INFO  testCases.TC001_AccountRegestrationTest - Clicked on Register Link
10:33:35.869 [main] INFO  testCases.TC001_AccountRegestrationTest - Providing customer details
10:33:37.509 [main] INFO  testCases.TC001_AccountRegestrationTest - Validating expected message
10:33:37.562 [main] INFO  testCases.TC001_AccountRegestrationTest - *****  Finished TC001_AccountRegestrationTest   ******
10:33:47.141 [main] INFO  testCases.TC002_LoginTest - **** Starting TC002_LoginTest ******
10:33:47.277 [main] INFO  testCases.TC002_LoginTest - Clicked on MyAccont
10:33:47.667 [main] INFO  testCases.TC002_LoginTest - Clicked on Login
10:33:47.667 [main] INFO  testCases.TC002_LoginTest - Providing existing User Details...
10:33:49.040 [main] INFO  testCases.TC002_LoginTest - **** Finished TC002_LoginTest ******
11:02:22.662 [main] INFO  testCases.TC001_AccountRegestrationTest - *****  Starting TC001_AccountRegestrationTest   ******
11:02:24.158 [main] INFO  testCases.TC001_AccountRegestrationTest - Clicked on MyAccount Link
11:02:25.250 [main] INFO  testCases.TC001_AccountRegestrationTest - Clicked on Register Link
